2025-02-12T19:20:30.790+09:00  INFO 23029 --- [spokera] [main] graduation.spokera.SpokeraApplication    : Starting SpokeraApplication using Java 17.0.14 with PID 23029 (/Users/pi/project/spokera/Backend/spokera/build/classes/java/main started by pi in /Users/pi/project/spokera/Backend/spokera)
2025-02-12T19:20:30.791+09:00  INFO 23029 --- [spokera] [main] graduation.spokera.SpokeraApplication    : No active profile set, falling back to 1 default profile: "default"
2025-02-12T19:20:31.019+09:00  INFO 23029 --- [spokera] [main] .s.d.r.c.RepositoryConfigurationDelegate : Bootstrapping Spring Data JPA repositories in DEFAULT mode.
2025-02-12T19:20:31.041+09:00  INFO 23029 --- [spokera] [main] .s.d.r.c.RepositoryConfigurationDelegate : Finished Spring Data repository scanning in 18 ms. Found 5 JPA repository interfaces.
2025-02-12T19:20:31.217+09:00  INFO 23029 --- [spokera] [main] o.s.b.w.embedded.tomcat.TomcatWebServer  : Tomcat initialized with port 8080 (http)
2025-02-12T19:20:31.222+09:00  INFO 23029 --- [spokera] [main] o.apache.catalina.core.StandardService   : Starting service [Tomcat]
2025-02-12T19:20:31.222+09:00  INFO 23029 --- [spokera] [main] o.apache.catalina.core.StandardEngine    : Starting Servlet engine: [Apache Tomcat/10.1.34]
2025-02-12T19:20:31.239+09:00  INFO 23029 --- [spokera] [main] o.a.c.c.C.[Tomcat].[localhost].[/]       : Initializing Spring embedded WebApplicationContext
2025-02-12T19:20:31.239+09:00  INFO 23029 --- [spokera] [main] w.s.c.ServletWebServerApplicationContext : Root WebApplicationContext: initialization completed in 433 ms
2025-02-12T19:20:31.294+09:00  INFO 23029 --- [spokera] [main] o.hibernate.jpa.internal.util.LogHelper  : HHH000204: Processing PersistenceUnitInfo [name: default]
2025-02-12T19:20:31.313+09:00  INFO 23029 --- [spokera] [main] org.hibernate.Version                    : HHH000412: Hibernate ORM core version 6.6.4.Final
2025-02-12T19:20:31.323+09:00  INFO 23029 --- [spokera] [main] o.h.c.internal.RegionFactoryInitiator    : HHH000026: Second-level cache disabled
2025-02-12T19:20:31.415+09:00  INFO 23029 --- [spokera] [main] o.s.o.j.p.SpringPersistenceUnitInfo      : No LoadTimeWeaver setup: ignoring JPA class transformer
2025-02-12T19:20:31.430+09:00  INFO 23029 --- [spokera] [main] com.zaxxer.hikari.HikariDataSource       : HikariPool-1 - Starting...
2025-02-12T19:20:31.613+09:00  INFO 23029 --- [spokera] [main] com.zaxxer.hikari.pool.HikariPool        : HikariPool-1 - Added connection com.mysql.cj.jdbc.ConnectionImpl@4db728df
2025-02-12T19:20:31.614+09:00  INFO 23029 --- [spokera] [main] com.zaxxer.hikari.HikariDataSource       : HikariPool-1 - Start completed.
2025-02-12T19:20:31.642+09:00  WARN 23029 --- [spokera] [main] org.hibernate.orm.deprecation            : HHH90000025: MySQL8Dialect does not need to be specified explicitly using 'hibernate.dialect' (remove the property setting and it will be selected by default)
2025-02-12T19:20:31.643+09:00  WARN 23029 --- [spokera] [main] org.hibernate.orm.deprecation            : HHH90000026: MySQL8Dialect has been deprecated; use org.hibernate.dialect.MySQLDialect instead
2025-02-12T19:20:31.650+09:00  INFO 23029 --- [spokera] [main] org.hibernate.orm.connections.pooling    : HHH10001005: Database info:
	Database JDBC URL [Connecting through datasource 'HikariDataSource (HikariPool-1)']
	Database driver: undefined/unknown
	Database version: 8.0
	Autocommit mode: undefined/unknown
	Isolation level: undefined/unknown
	Minimum pool size: undefined/unknown
	Maximum pool size: undefined/unknown
2025-02-12T19:20:32.006+09:00  INFO 23029 --- [spokera] [main] o.h.e.t.j.p.i.JtaPlatformInitiator       : HHH000489: No JTA platform available (set 'hibernate.transaction.jta.platform' to enable JTA platform integration)
2025-02-12T19:20:32.295+09:00  INFO 23029 --- [spokera] [main] j.LocalContainerEntityManagerFactoryBean : Initialized JPA EntityManagerFactory for persistence unit 'default'
2025-02-12T19:20:32.439+09:00  INFO 23029 --- [spokera] [main] o.s.d.j.r.query.QueryEnhancerFactory     : Hibernate is in classpath; If applicable, HQL parser will be used.
2025-02-12T19:20:32.759+09:00  WARN 23029 --- [spokera] [main] JpaBaseConfiguration$JpaWebConfiguration : spring.jpa.open-in-view is enabled by default. Therefore, database queries may be performed during view rendering. Explicitly configure spring.jpa.open-in-view to disable this warning
2025-02-12T19:20:32.897+09:00  INFO 23029 --- [spokera] [main] o.s.b.w.embedded.tomcat.TomcatWebServer  : Tomcat started on port 8080 (http) with context path '/'
2025-02-12T19:20:32.902+09:00  INFO 23029 --- [spokera] [main] graduation.spokera.SpokeraApplication    : Started SpokeraApplication in 2.257 seconds (process running for 2.478)
2025-02-12T19:20:50.870+09:00  INFO 23029 --- [spokera] [SpringApplicationShutdownHook] o.s.b.w.e.tomcat.GracefulShutdown        : Commencing graceful shutdown. Waiting for active requests to complete
2025-02-12T19:20:50.873+09:00  INFO 23029 --- [spokera] [tomcat-shutdown] o.s.b.w.e.tomcat.GracefulShutdown        : Graceful shutdown complete
2025-02-12T19:20:50.876+09:00  INFO 23029 --- [spokera] [SpringApplicationShutdownHook] j.LocalContainerEntityManagerFactoryBean : Closing JPA EntityManagerFactory for persistence unit 'default'
2025-02-12T19:20:50.877+09:00  INFO 23029 --- [spokera] [SpringApplicationShutdownHook] com.zaxxer.hikari.HikariDataSource       : HikariPool-1 - Shutdown initiated...
2025-02-12T19:20:50.957+09:00  INFO 23029 --- [spokera] [SpringApplicationShutdownHook] com.zaxxer.hikari.HikariDataSource       : HikariPool-1 - Shutdown completed.
